2020-09-04 14:01:49.692  INFO 8188 --- [restartedMain] c.w.test.SpringBootTestApplication       : Starting SpringBootTestApplication on c0-i09-hj-t6 with PID 8188 (C:\Users\gws-rhz8cxk2jku\VSCodeProjects\spring-boot-test\target\classes started by gws-rhz8cxk2jku in C:\Users\gws-rhz8cxk2jku\VSCodeProjects\spring-boot-test)
2020-09-04 14:01:49.700  INFO 8188 --- [restartedMain] c.w.test.SpringBootTestApplication       : No active profile set, falling back to default profiles: default
2020-09-04 14:01:49.837  INFO 8188 --- [restartedMain] .e.DevToolsPropertyDefaultsPostProcessor : Devtools property defaults active! Set 'spring.devtools.add-properties' to 'false' to disable
2020-09-04 14:01:49.838  INFO 8188 --- [restartedMain] .e.DevToolsPropertyDefaultsPostProcessor : For additional web related logging consider setting the 'logging.level.web' property to 'DEBUG'
2020-09-04 14:01:51.746  INFO 8188 --- [restartedMain] o.s.b.w.embedded.tomcat.TomcatWebServer  : Tomcat initialized with port(s): 8080 (http)
2020-09-04 14:01:51.791  INFO 8188 --- [restartedMain] o.apache.catalina.core.StandardService   : Starting service [Tomcat]
2020-09-04 14:01:51.796  INFO 8188 --- [restartedMain] org.apache.catalina.core.StandardEngine  : Starting Servlet engine: [Apache Tomcat/9.0.37]
2020-09-04 14:01:51.952  INFO 8188 --- [restartedMain] o.a.c.c.C.[Tomcat].[localhost].[/]       : Initializing Spring embedded WebApplicationContext
2020-09-04 14:01:51.955  INFO 8188 --- [restartedMain] w.s.c.ServletWebServerApplicationContext : Root WebApplicationContext: initialization completed in 2116 ms
2020-09-04 14:01:52.417  INFO 8188 --- [restartedMain] o.s.s.concurrent.ThreadPoolTaskExecutor  : Initializing ExecutorService 'applicationTaskExecutor'
2020-09-04 14:01:52.706  INFO 8188 --- [restartedMain] o.s.b.d.a.OptionalLiveReloadServer       : LiveReload server is running on port 35729
2020-09-04 14:01:52.770  INFO 8188 --- [restartedMain] o.s.b.w.embedded.tomcat.TomcatWebServer  : Tomcat started on port(s): 8080 (http) with context path ''
2020-09-04 14:01:52.795  INFO 8188 --- [restartedMain] c.w.test.SpringBootTestApplication       : Started SpringBootTestApplication in 3.672 seconds (JVM running for 4.99)
2020-09-04 14:02:17.183  INFO 3092 --- [restartedMain] c.w.test.SpringBootTestApplication       : Starting SpringBootTestApplication on c0-i09-hj-t6 with PID 3092 (C:\Users\gws-rhz8cxk2jku\VSCodeProjects\spring-boot-test\target\classes started by gws-rhz8cxk2jku in C:\Users\gws-rhz8cxk2jku\VSCodeProjects\spring-boot-test)
2020-09-04 14:02:17.190  INFO 3092 --- [restartedMain] c.w.test.SpringBootTestApplication       : No active profile set, falling back to default profiles: default
2020-09-04 14:02:17.280  INFO 3092 --- [restartedMain] .e.DevToolsPropertyDefaultsPostProcessor : Devtools property defaults active! Set 'spring.devtools.add-properties' to 'false' to disable
2020-09-04 14:02:17.295  INFO 3092 --- [restartedMain] .e.DevToolsPropertyDefaultsPostProcessor : For additional web related logging consider setting the 'logging.level.web' property to 'DEBUG'
2020-09-04 14:02:18.694  INFO 3092 --- [restartedMain] o.s.b.w.embedded.tomcat.TomcatWebServer  : Tomcat initialized with port(s): 8080 (http)
2020-09-04 14:02:18.717  INFO 3092 --- [restartedMain] o.apache.catalina.core.StandardService   : Starting service [Tomcat]
2020-09-04 14:02:18.719  INFO 3092 --- [restartedMain] org.apache.catalina.core.StandardEngine  : Starting Servlet engine: [Apache Tomcat/9.0.37]
2020-09-04 14:02:18.868  INFO 3092 --- [restartedMain] o.a.c.c.C.[Tomcat].[localhost].[/]       : Initializing Spring embedded WebApplicationContext
2020-09-04 14:02:18.869  INFO 3092 --- [restartedMain] w.s.c.ServletWebServerApplicationContext : Root WebApplicationContext: initialization completed in 1574 ms
2020-09-04 14:02:19.140  INFO 3092 --- [restartedMain] o.s.s.concurrent.ThreadPoolTaskExecutor  : Initializing ExecutorService 'applicationTaskExecutor'
2020-09-04 14:02:19.356  INFO 3092 --- [restartedMain] o.s.b.d.a.OptionalLiveReloadServer       : LiveReload server is running on port 35729
2020-09-04 14:02:19.435  INFO 3092 --- [restartedMain] o.s.b.w.embedded.tomcat.TomcatWebServer  : Tomcat started on port(s): 8080 (http) with context path ''
2020-09-04 14:02:19.450  INFO 3092 --- [restartedMain] c.w.test.SpringBootTestApplication       : Started SpringBootTestApplication in 2.831 seconds (JVM running for 3.501)
2020-09-04 14:04:57.540  INFO 3092 --- [http-nio-8080-exec-1] o.a.c.c.C.[Tomcat].[localhost].[/]       : Initializing Spring DispatcherServlet 'dispatcherServlet'
2020-09-04 14:04:57.541  INFO 3092 --- [http-nio-8080-exec-1] o.s.web.servlet.DispatcherServlet        : Initializing Servlet 'dispatcherServlet'
2020-09-04 14:04:57.551  INFO 3092 --- [http-nio-8080-exec-1] o.s.web.servlet.DispatcherServlet        : Completed initialization in 10 ms
2020-09-04 14:26:04.939  INFO 3092 --- [Thread-5] o.s.s.concurrent.ThreadPoolTaskExecutor  : Shutting down ExecutorService 'applicationTaskExecutor'
2020-09-04 14:26:05.096  INFO 3092 --- [restartedMain] c.w.test.SpringBootTestApplication       : Starting SpringBootTestApplication on c0-i09-hj-t6 with PID 3092 (C:\Users\gws-rhz8cxk2jku\VSCodeProjects\spring-boot-test\target\classes started by gws-rhz8cxk2jku in C:\Users\gws-rhz8cxk2jku\VSCodeProjects\spring-boot-test)
2020-09-04 14:26:05.096  INFO 3092 --- [restartedMain] c.w.test.SpringBootTestApplication       : No active profile set, falling back to default profiles: default
2020-09-04 14:26:05.481  INFO 3092 --- [restartedMain] o.s.b.w.embedded.tomcat.TomcatWebServer  : Tomcat initialized with port(s): 8080 (http)
2020-09-04 14:26:05.483  INFO 3092 --- [restartedMain] o.apache.catalina.core.StandardService   : Starting service [Tomcat]
2020-09-04 14:26:05.483  INFO 3092 --- [restartedMain] org.apache.catalina.core.StandardEngine  : Starting Servlet engine: [Apache Tomcat/9.0.37]
2020-09-04 14:26:05.520  INFO 3092 --- [restartedMain] o.a.c.c.C.[Tomcat].[localhost].[/]       : Initializing Spring embedded WebApplicationContext
2020-09-04 14:26:05.521  INFO 3092 --- [restartedMain] w.s.c.ServletWebServerApplicationContext : Root WebApplicationContext: initialization completed in 419 ms
2020-09-04 14:26:05.587  INFO 3092 --- [restartedMain] o.s.s.concurrent.ThreadPoolTaskExecutor  : Initializing ExecutorService 'applicationTaskExecutor'
2020-09-04 14:26:05.656  INFO 3092 --- [restartedMain] o.s.b.d.a.OptionalLiveReloadServer       : LiveReload server is running on port 35729
2020-09-04 14:26:05.667  INFO 3092 --- [restartedMain] o.s.b.w.embedded.tomcat.TomcatWebServer  : Tomcat started on port(s): 8080 (http) with context path ''
2020-09-04 14:26:05.674  INFO 3092 --- [restartedMain] c.w.test.SpringBootTestApplication       : Started SpringBootTestApplication in 0.67 seconds (JVM running for 1429.722)
2020-09-04 14:26:05.680  INFO 3092 --- [restartedMain] .ConditionEvaluationDeltaLoggingListener : Condition evaluation unchanged
