2020-09-14 16:27:03 -Starting SpringBootTestApplication on c0-i09-hj-t6 with PID 12368 (C:\Users\gws-rhz8cxk2jku\VSCodeProjects\spring-boot-test\target\classes started by gws-rhz8cxk2jku in C:\Users\gws-rhz8cxk2jku\VSCodeProjects\spring-boot-test)
2020-09-14 16:27:03 -No active profile set, falling back to default profiles: default
2020-09-14 16:27:03 -Devtools property defaults active! Set 'spring.devtools.add-properties' to 'false' to disable
2020-09-14 16:27:03 -For additional web related logging consider setting the 'logging.level.web' property to 'DEBUG'
2020-09-14 16:27:05 -Tomcat initialized with port(s): 8080 (http)
2020-09-14 16:27:05 -Initializing ProtocolHandler ["http-nio-8080"]
2020-09-14 16:27:05 -Starting service [Tomcat]
2020-09-14 16:27:05 -Starting Servlet engine: [Apache Tomcat/9.0.37]
2020-09-14 16:27:06 -Initializing Spring embedded WebApplicationContext
2020-09-14 16:27:06 -Root WebApplicationContext: initialization completed in 2482 ms
2020-09-14 16:27:06 -Initializing ExecutorService 'applicationTaskExecutor'
2020-09-14 16:27:07 -LiveReload server is running on port 35729
2020-09-14 16:27:07 -Starting ProtocolHandler ["http-nio-8080"]
2020-09-14 16:27:07 -Tomcat started on port(s): 8080 (http) with context path ''
2020-09-14 16:27:07 -Started SpringBootTestApplication in 4.433 seconds (JVM running for 5.65)
2020-09-14 16:27:17 -Initializing Spring DispatcherServlet 'dispatcherServlet'
2020-09-14 16:27:17 -Initializing Servlet 'dispatcherServlet'
2020-09-14 16:27:17 -Completed initialization in 8 ms
2020-09-14 16:27:27 -Retail_HikariCP - Starting...
2020-09-14 16:27:27 -Retail_HikariCP - Start completed.
2020-09-14 16:27:27 -==>  Preparing: select student.* from student 
2020-09-14 16:27:27 -==> Parameters: 
2020-09-14 16:27:27 -<==      Total: 6
2020-09-14 16:27:31 -==>  Preparing: select student.* from student where stu_id = ? 
2020-09-14 16:27:31 -==> Parameters: 1(Integer)
2020-09-14 16:27:31 -<==      Total: 1
2020-09-14 16:27:34 -==>  Preparing: select student.* from student where stu_id = ? 
2020-09-14 16:27:34 -==> Parameters: 2(Integer)
2020-09-14 16:27:34 -<==      Total: 1
2020-09-14 16:27:39 -==>  Preparing: insert into student values(?,?,?,?) 
2020-09-14 16:27:39 -==> Parameters: null, Zorro(String), man(String), 19990909(String)
2020-09-14 16:27:39 -<==    Updates: 1
2020-09-14 16:27:43 -==>  Preparing: select student.* from student 
2020-09-14 16:27:43 -==> Parameters: 
2020-09-14 16:27:43 -<==      Total: 7
2020-09-14 16:27:57 -==>  Preparing: update student set stu_name = ?,stu_sex = ?,stu_time = ? where stu_id=? 
2020-09-14 16:27:57 -==> Parameters: ZengYH(String), man(String), 20200202(String), 7(Integer)
2020-09-14 16:27:57 -<==    Updates: 1
2020-09-14 16:28:01 -==>  Preparing: select student.* from student 
2020-09-14 16:28:01 -==> Parameters: 
2020-09-14 16:28:01 -<==      Total: 7
2020-09-14 16:28:35 -==>  Preparing: select student.* from student 
2020-09-14 16:28:35 -==> Parameters: 
2020-09-14 16:28:35 -<==      Total: 7
2020-09-14 16:28:50 -==>  Preparing: select student.* from student 
2020-09-14 16:28:50 -==> Parameters: 
2020-09-14 16:28:50 -<==      Total: 7
2020-09-14 16:29:34 -==>  Preparing: select student.* from student 
2020-09-14 16:29:34 -==> Parameters: 
2020-09-14 16:29:34 -<==      Total: 7
2020-09-14 16:29:51 -==>  Preparing: select student.* from student 
2020-09-14 16:29:51 -==> Parameters: 
2020-09-14 16:29:51 -<==      Total: 7
2020-09-14 16:30:03 -==>  Preparing: select student.* from student 
2020-09-14 16:30:03 -==> Parameters: 
2020-09-14 16:30:03 -<==      Total: 7
2020-09-14 16:30:30 -==>  Preparing: select student.* from student where stu_id = ? 
2020-09-14 16:30:30 -==> Parameters: 1(Integer)
2020-09-14 16:30:30 -<==      Total: 1
2020-09-14 16:30:34 -==>  Preparing: select student.* from student where stu_id = ? 
2020-09-14 16:30:34 -==> Parameters: 8(Integer)
2020-09-14 16:30:34 -<==      Total: 0
2020-09-14 16:30:47 -==>  Preparing: insert into student values(?,?,?,?) 
2020-09-14 16:30:47 -==> Parameters: null, Zorro(String), man(String), 19990909(String)
2020-09-14 16:30:47 -<==    Updates: 1
2020-09-14 16:30:54 -==>  Preparing: select student.* from student 
2020-09-14 16:30:54 -==> Parameters: 
2020-09-14 16:30:54 -<==      Total: 8
2020-09-14 16:31:03 -==>  Preparing: select student.* from student 
2020-09-14 16:31:03 -==> Parameters: 
2020-09-14 16:31:03 -<==      Total: 8
2020-09-14 16:31:12 -==>  Preparing: select student.* from student 
2020-09-14 16:31:12 -==> Parameters: 
2020-09-14 16:31:12 -<==      Total: 8
2020-09-14 16:31:13 -==>  Preparing: select student.* from student 
2020-09-14 16:31:13 -==> Parameters: 
2020-09-14 16:31:13 -<==      Total: 8
